<html>
<head>
<title>TestNG:  testNG Test</title>
<link href="../testng.css" rel="stylesheet" type="text/css" />
<link href="../my-testng.css" rel="stylesheet" type="text/css" />

<style type="text/css">
.log { display: none;} 
.stack-trace { display: none;} 
</style>
<script type="text/javascript">
<!--
function flip(e) {
  current = e.style.display;
  if (current == 'block') {
    e.style.display = 'none';
    return 0;
  }
  else {
    e.style.display = 'block';
    return 1;
  }
}

function toggleBox(szDivId, elem, msg1, msg2)
{
  var res = -1;  if (document.getElementById) {
    res = flip(document.getElementById(szDivId));
  }
  else if (document.all) {
    // this is the way old msie versions work
    res = flip(document.all[szDivId]);
  }
  if(elem) {
    if(res == 0) elem.innerHTML = msg1; else elem.innerHTML = msg2;
  }

}

function toggleAllBoxes() {
  if (document.getElementsByTagName) {
    d = document.getElementsByTagName('div');
    for (i = 0; i < d.length; i++) {
      if (d[i].className == 'log') {
        flip(d[i]);
      }
    }
  }
}

// -->
</script>

</head>
<body>
<h2 align='center'>testNG Test</h2><table border='1' align="center">
<tr>
<td>Tests passed/Failed/Skipped:</td><td>38/4/2</td>
</tr><tr>
<td>Started on:</td><td>Mon Feb 08 23:21:48 EST 2021</td>
</tr>
<tr><td>Total time:</td><td>43 seconds (43010 ms)</td>
</tr><tr>
<td>Included groups:</td><td></td>
</tr><tr>
<td>Excluded groups:</td><td></td>
</tr>
</table><p/>
<small><i>(Hover the method name to see the test class name)</i></small><p/>
<table width='100%' border='1' class='invocation-failed'>
<tr><td colspan='4' align='center'><b>FAILED TESTS</b></td></tr>
<tr><td><b>Test method</b></td>
<td width="30%"><b>Exception</b></td>
<td width="10%"><b>Time (seconds)</b></td>
<td><b>Instance</b></td>
</tr>
<tr>
<td title='com.testNG.practice.GoogleHomePageTest.GoogleLogoTest()'><b>GoogleLogoTest</b><br>Test class: com.testNG.practice.GoogleHomePageTest</td>
<td><div><pre>org.openqa.selenium.NoSuchElementException: no such element: Unable to locate element: {&quot;method&quot;:&quot;css selector&quot;,&quot;selector&quot;:&quot;#logo&quot;}
  (Session info: chrome=88.0.4324.146)
For documentation on this error, please visit: https://www.seleniumhq.org/exceptions/no_such_element.html
Build info: version: &apos;3.141.59&apos;, revision: &apos;e82be7d358&apos;, time: &apos;2018-11-14T08:17:03&apos;
System info: host: &apos;Mohammeds-MBP-2.home&apos;, ip: &apos;fd4b:8d38:69ba:1:f590:f5c2:a005:b8a1%en0&apos;, os.name: &apos;Mac OS X&apos;, os.arch: &apos;x86_64&apos;, os.version: &apos;10.14.5&apos;, java.version: &apos;1.8.0_231&apos;
Driver info: org.openqa.selenium.chrome.ChromeDriver
Capabilities {acceptInsecureCerts: false, browserName: chrome, browserVersion: 88.0.4324.146, chrome: {chromedriverVersion: 88.0.4324.96 (68dba2d8a0b14..., userDataDir: /var/folders/hv/3z35ns6n2p7...}, goog:chromeOptions: {debuggerAddress: localhost:54072}, javascriptEnabled: true, networkConnectionEnabled: false, pageLoadStrategy: normal, platform: MAC, platformName: MAC, proxy: Proxy(), setWindowRect: true, strictFileInteractability: false, timeouts: {implicit: 0, pageLoad: 300000, script: 30000}, unhandledPromptBehavior: dismiss and notify, webauthn:extension:largeBlob: true, webauthn:virtualAuthenticators: true}
Session ID: de37d57327fcd408c3abd6f43a4bb623
*** Element info: {Using=id, value=logo}
	at org.openqa.selenium.remote.http.W3CHttpResponseCodec.createException(W3CHttpResponseCodec.java:187)
	at org.openqa.selenium.remote.http.W3CHttpResponseCodec.decode(W3CHttpResponseCodec.java:122)
	at org.openqa.selenium.remote.http.W3CHttpResponseCodec.decode(W3CHttpResponseCodec.java:49)
	at org.openqa.selenium.remote.HttpCommandExecutor.execute(HttpCommandExecutor.java:158)
	at org.openqa.selenium.remote.service.DriverCommandExecutor.execute(DriverCommandExecutor.java:83)
	at org.openqa.selenium.remote.RemoteWebDriver.execute(RemoteWebDriver.java:552)
	at org.openqa.selenium.remote.RemoteWebDriver.findElement(RemoteWebDriver.java:323)
	at org.openqa.selenium.remote.RemoteWebDriver.findElementById(RemoteWebDriver.java:372)
	at org.openqa.selenium.By$ById.findElement(By.java:188)
	at org.openqa.selenium.remote.RemoteWebDriver.findElement(RemoteWebDriver.java:315)
	at com.testNG.practice.GoogleHomePageTest.GoogleLogoTest(GoogleHomePageTest.java:37)
	at java.util.ArrayList.forEach(ArrayList.java:1257)
... Removed 31 stack frames</pre></div><a href='#' onClick='toggleBox("stack-trace1205483858", this, "Click to show all stack frames", "Click to hide stack frames")'>Click to show all stack frames</a>
<div class='stack-trace' id='stack-trace1205483858'><pre>org.openqa.selenium.NoSuchElementException: no such element: Unable to locate element: {&quot;method&quot;:&quot;css selector&quot;,&quot;selector&quot;:&quot;#logo&quot;}
  (Session info: chrome=88.0.4324.146)
For documentation on this error, please visit: https://www.seleniumhq.org/exceptions/no_such_element.html
Build info: version: &apos;3.141.59&apos;, revision: &apos;e82be7d358&apos;, time: &apos;2018-11-14T08:17:03&apos;
System info: host: &apos;Mohammeds-MBP-2.home&apos;, ip: &apos;fd4b:8d38:69ba:1:f590:f5c2:a005:b8a1%en0&apos;, os.name: &apos;Mac OS X&apos;, os.arch: &apos;x86_64&apos;, os.version: &apos;10.14.5&apos;, java.version: &apos;1.8.0_231&apos;
Driver info: org.openqa.selenium.chrome.ChromeDriver
Capabilities {acceptInsecureCerts: false, browserName: chrome, browserVersion: 88.0.4324.146, chrome: {chromedriverVersion: 88.0.4324.96 (68dba2d8a0b14..., userDataDir: /var/folders/hv/3z35ns6n2p7...}, goog:chromeOptions: {debuggerAddress: localhost:54072}, javascriptEnabled: true, networkConnectionEnabled: false, pageLoadStrategy: normal, platform: MAC, platformName: MAC, proxy: Proxy(), setWindowRect: true, strictFileInteractability: false, timeouts: {implicit: 0, pageLoad: 300000, script: 30000}, unhandledPromptBehavior: dismiss and notify, webauthn:extension:largeBlob: true, webauthn:virtualAuthenticators: true}
Session ID: de37d57327fcd408c3abd6f43a4bb623
*** Element info: {Using=id, value=logo}
	at sun.reflect.NativeConstructorAccessorImpl.newInstance0(Native Method)
	at sun.reflect.NativeConstructorAccessorImpl.newInstance(NativeConstructorAccessorImpl.java:62)
	at sun.reflect.DelegatingConstructorAccessorImpl.newInstance(DelegatingConstructorAccessorImpl.java:45)
	at java.lang.reflect.Constructor.newInstance(Constructor.java:423)
	at org.openqa.selenium.remote.http.W3CHttpResponseCodec.createException(W3CHttpResponseCodec.java:187)
	at org.openqa.selenium.remote.http.W3CHttpResponseCodec.decode(W3CHttpResponseCodec.java:122)
	at org.openqa.selenium.remote.http.W3CHttpResponseCodec.decode(W3CHttpResponseCodec.java:49)
	at org.openqa.selenium.remote.HttpCommandExecutor.execute(HttpCommandExecutor.java:158)
	at org.openqa.selenium.remote.service.DriverCommandExecutor.execute(DriverCommandExecutor.java:83)
	at org.openqa.selenium.remote.RemoteWebDriver.execute(RemoteWebDriver.java:552)
	at org.openqa.selenium.remote.RemoteWebDriver.findElement(RemoteWebDriver.java:323)
	at org.openqa.selenium.remote.RemoteWebDriver.findElementById(RemoteWebDriver.java:372)
	at org.openqa.selenium.By$ById.findElement(By.java:188)
	at org.openqa.selenium.remote.RemoteWebDriver.findElement(RemoteWebDriver.java:315)
	at com.testNG.practice.GoogleHomePageTest.GoogleLogoTest(GoogleHomePageTest.java:37)
	at sun.reflect.NativeMethodAccessorImpl.invoke0(Native Method)
	at sun.reflect.NativeMethodAccessorImpl.invoke(NativeMethodAccessorImpl.java:62)
	at sun.reflect.DelegatingMethodAccessorImpl.invoke(DelegatingMethodAccessorImpl.java:43)
	at java.lang.reflect.Method.invoke(Method.java:498)
	at org.testng.internal.MethodInvocationHelper.invokeMethod(MethodInvocationHelper.java:132)
	at org.testng.internal.TestInvoker.invokeMethod(TestInvoker.java:599)
	at org.testng.internal.TestInvoker.invokeTestMethod(TestInvoker.java:174)
	at org.testng.internal.MethodRunner.runInSequence(MethodRunner.java:46)
	at org.testng.internal.TestInvoker$MethodInvocationAgent.invoke(TestInvoker.java:822)
	at org.testng.internal.TestInvoker.invokeTestMethods(TestInvoker.java:147)
	at org.testng.internal.TestMethodWorker.invokeTestMethods(TestMethodWorker.java:146)
	at org.testng.internal.TestMethodWorker.run(TestMethodWorker.java:128)
	at java.util.ArrayList.forEach(ArrayList.java:1257)
	at org.testng.TestRunner.privateRun(TestRunner.java:764)
	at org.testng.TestRunner.run(TestRunner.java:585)
	at org.testng.SuiteRunner.runTest(SuiteRunner.java:384)
	at org.testng.SuiteRunner.runSequentially(SuiteRunner.java:378)
	at org.testng.SuiteRunner.privateRun(SuiteRunner.java:337)
	at org.testng.SuiteRunner.run(SuiteRunner.java:286)
	at org.testng.SuiteRunnerWorker.runSuite(SuiteRunnerWorker.java:53)
	at org.testng.SuiteRunnerWorker.run(SuiteRunnerWorker.java:96)
	at org.testng.TestNG.runSuitesSequentially(TestNG.java:1218)
	at org.testng.TestNG.runSuitesLocally(TestNG.java:1140)
	at org.testng.TestNG.runSuites(TestNG.java:1069)
	at org.testng.TestNG.run(TestNG.java:1037)
	at org.testng.remote.AbstractRemoteTestNG.run(AbstractRemoteTestNG.java:115)
	at org.testng.remote.RemoteTestNG.initAndRun(RemoteTestNG.java:251)
	at org.testng.remote.RemoteTestNG.main(RemoteTestNG.java:77)
</pre></div></td>
<td>10</td>
<td>com.testNG.practice.GoogleHomePageTest@4232c52b</td></tr>
<tr>
<td title='com.testNG.practice.ExpectedExceptionAnnotation.exceptionTestOne()'><b>exceptionTestOne</b><br>Test class: com.testNG.practice.ExpectedExceptionAnnotation</td>
<td><div><pre>java.lang.NumberFormatException: For input string: &quot;Hello100&quot;
	at java.lang.NumberFormatException.forInputString(NumberFormatException.java:65)
	at java.lang.Integer.parseInt(Integer.java:580)
	at java.lang.Integer.parseInt(Integer.java:615)
	at com.testNG.practice.ExpectedExceptionAnnotation.exceptionTestOne(ExpectedExceptionAnnotation.java:10)
	at java.util.ArrayList.forEach(ArrayList.java:1257)
... Removed 27 stack frames</pre></div><a href='#' onClick='toggleBox("stack-trace1408533352", this, "Click to show all stack frames", "Click to hide stack frames")'>Click to show all stack frames</a>
<div class='stack-trace' id='stack-trace1408533352'><pre>java.lang.NumberFormatException: For input string: &quot;Hello100&quot;
	at java.lang.NumberFormatException.forInputString(NumberFormatException.java:65)
	at java.lang.Integer.parseInt(Integer.java:580)
	at java.lang.Integer.parseInt(Integer.java:615)
	at com.testNG.practice.ExpectedExceptionAnnotation.exceptionTestOne(ExpectedExceptionAnnotation.java:10)
	at sun.reflect.NativeMethodAccessorImpl.invoke0(Native Method)
	at sun.reflect.NativeMethodAccessorImpl.invoke(NativeMethodAccessorImpl.java:62)
	at sun.reflect.DelegatingMethodAccessorImpl.invoke(DelegatingMethodAccessorImpl.java:43)
	at java.lang.reflect.Method.invoke(Method.java:498)
	at org.testng.internal.MethodInvocationHelper.invokeMethod(MethodInvocationHelper.java:132)
	at org.testng.internal.TestInvoker.invokeMethod(TestInvoker.java:599)
	at org.testng.internal.TestInvoker.invokeTestMethod(TestInvoker.java:174)
	at org.testng.internal.MethodRunner.runInSequence(MethodRunner.java:46)
	at org.testng.internal.TestInvoker$MethodInvocationAgent.invoke(TestInvoker.java:822)
	at org.testng.internal.TestInvoker.invokeTestMethods(TestInvoker.java:147)
	at org.testng.internal.TestMethodWorker.invokeTestMethods(TestMethodWorker.java:146)
	at org.testng.internal.TestMethodWorker.run(TestMethodWorker.java:128)
	at java.util.ArrayList.forEach(ArrayList.java:1257)
	at org.testng.TestRunner.privateRun(TestRunner.java:764)
	at org.testng.TestRunner.run(TestRunner.java:585)
	at org.testng.SuiteRunner.runTest(SuiteRunner.java:384)
	at org.testng.SuiteRunner.runSequentially(SuiteRunner.java:378)
	at org.testng.SuiteRunner.privateRun(SuiteRunner.java:337)
	at org.testng.SuiteRunner.run(SuiteRunner.java:286)
	at org.testng.SuiteRunnerWorker.runSuite(SuiteRunnerWorker.java:53)
	at org.testng.SuiteRunnerWorker.run(SuiteRunnerWorker.java:96)
	at org.testng.TestNG.runSuitesSequentially(TestNG.java:1218)
	at org.testng.TestNG.runSuitesLocally(TestNG.java:1140)
	at org.testng.TestNG.runSuites(TestNG.java:1069)
	at org.testng.TestNG.run(TestNG.java:1037)
	at org.testng.remote.AbstractRemoteTestNG.run(AbstractRemoteTestNG.java:115)
	at org.testng.remote.RemoteTestNG.initAndRun(RemoteTestNG.java:251)
	at org.testng.remote.RemoteTestNG.main(RemoteTestNG.java:77)
</pre></div></td>
<td>0</td>
<td>com.testNG.practice.ExpectedExceptionAnnotation@4493d195</td></tr>
<tr>
<td title='com.testNG.practice.GoogleTitleTest.googlePageTitleTest()'><b>googlePageTitleTest</b><br>Test class: com.testNG.practice.GoogleTitleTest</td>
<td><div><pre>java.lang.AssertionError: Page title is not match expected [Google#] but found [Google]
	at com.testNG.practice.GoogleTitleTest.googlePageTitleTest(GoogleTitleTest.java:44)
	at java.util.ArrayList.forEach(ArrayList.java:1257)
... Removed 32 stack frames</pre></div><a href='#' onClick='toggleBox("stack-trace867288517", this, "Click to show all stack frames", "Click to hide stack frames")'>Click to show all stack frames</a>
<div class='stack-trace' id='stack-trace867288517'><pre>java.lang.AssertionError: Page title is not match expected [Google#] but found [Google]
	at org.testng.Assert.fail(Assert.java:99)
	at org.testng.Assert.failNotEquals(Assert.java:1037)
	at org.testng.Assert.assertEqualsImpl(Assert.java:140)
	at org.testng.Assert.assertEquals(Assert.java:122)
	at org.testng.Assert.assertEquals(Assert.java:629)
	at com.testNG.practice.GoogleTitleTest.googlePageTitleTest(GoogleTitleTest.java:44)
	at sun.reflect.NativeMethodAccessorImpl.invoke0(Native Method)
	at sun.reflect.NativeMethodAccessorImpl.invoke(NativeMethodAccessorImpl.java:62)
	at sun.reflect.DelegatingMethodAccessorImpl.invoke(DelegatingMethodAccessorImpl.java:43)
	at java.lang.reflect.Method.invoke(Method.java:498)
	at org.testng.internal.MethodInvocationHelper.invokeMethod(MethodInvocationHelper.java:132)
	at org.testng.internal.TestInvoker.invokeMethod(TestInvoker.java:599)
	at org.testng.internal.TestInvoker.invokeTestMethod(TestInvoker.java:174)
	at org.testng.internal.MethodRunner.runInSequence(MethodRunner.java:46)
	at org.testng.internal.TestInvoker$MethodInvocationAgent.invoke(TestInvoker.java:822)
	at org.testng.internal.TestInvoker.invokeTestMethods(TestInvoker.java:147)
	at org.testng.internal.TestMethodWorker.invokeTestMethods(TestMethodWorker.java:146)
	at org.testng.internal.TestMethodWorker.run(TestMethodWorker.java:128)
	at java.util.ArrayList.forEach(ArrayList.java:1257)
	at org.testng.TestRunner.privateRun(TestRunner.java:764)
	at org.testng.TestRunner.run(TestRunner.java:585)
	at org.testng.SuiteRunner.runTest(SuiteRunner.java:384)
	at org.testng.SuiteRunner.runSequentially(SuiteRunner.java:378)
	at org.testng.SuiteRunner.privateRun(SuiteRunner.java:337)
	at org.testng.SuiteRunner.run(SuiteRunner.java:286)
	at org.testng.SuiteRunnerWorker.runSuite(SuiteRunnerWorker.java:53)
	at org.testng.SuiteRunnerWorker.run(SuiteRunnerWorker.java:96)
	at org.testng.TestNG.runSuitesSequentially(TestNG.java:1218)
	at org.testng.TestNG.runSuitesLocally(TestNG.java:1140)
	at org.testng.TestNG.runSuites(TestNG.java:1069)
	at org.testng.TestNG.run(TestNG.java:1037)
	at org.testng.remote.AbstractRemoteTestNG.run(AbstractRemoteTestNG.java:115)
	at org.testng.remote.RemoteTestNG.initAndRun(RemoteTestNG.java:251)
	at org.testng.remote.RemoteTestNG.main(RemoteTestNG.java:77)
</pre></div></td>
<td>0</td>
<td>com.testNG.practice.GoogleTitleTest@6ee52dcd</td></tr>
<tr>
<td title='com.testNG.practice.DependsOnAnnotation.homePage()'><b>homePage</b><br>Test class: com.testNG.practice.DependsOnAnnotation</td>
<td><div><pre>java.lang.ArithmeticException: / by zero
	at com.testNG.practice.DependsOnAnnotation.homePage(DependsOnAnnotation.java:20)
	at java.util.ArrayList.forEach(ArrayList.java:1257)
... Removed 27 stack frames</pre></div><a href='#' onClick='toggleBox("stack-trace79290965", this, "Click to show all stack frames", "Click to hide stack frames")'>Click to show all stack frames</a>
<div class='stack-trace' id='stack-trace79290965'><pre>java.lang.ArithmeticException: / by zero
	at com.testNG.practice.DependsOnAnnotation.homePage(DependsOnAnnotation.java:20)
	at sun.reflect.NativeMethodAccessorImpl.invoke0(Native Method)
	at sun.reflect.NativeMethodAccessorImpl.invoke(NativeMethodAccessorImpl.java:62)
	at sun.reflect.DelegatingMethodAccessorImpl.invoke(DelegatingMethodAccessorImpl.java:43)
	at java.lang.reflect.Method.invoke(Method.java:498)
	at org.testng.internal.MethodInvocationHelper.invokeMethod(MethodInvocationHelper.java:132)
	at org.testng.internal.TestInvoker.invokeMethod(TestInvoker.java:599)
	at org.testng.internal.TestInvoker.invokeTestMethod(TestInvoker.java:174)
	at org.testng.internal.MethodRunner.runInSequence(MethodRunner.java:46)
	at org.testng.internal.TestInvoker$MethodInvocationAgent.invoke(TestInvoker.java:822)
	at org.testng.internal.TestInvoker.invokeTestMethods(TestInvoker.java:147)
	at org.testng.internal.TestMethodWorker.invokeTestMethods(TestMethodWorker.java:146)
	at org.testng.internal.TestMethodWorker.run(TestMethodWorker.java:128)
	at java.util.ArrayList.forEach(ArrayList.java:1257)
	at org.testng.TestRunner.privateRun(TestRunner.java:764)
	at org.testng.TestRunner.run(TestRunner.java:585)
	at org.testng.SuiteRunner.runTest(SuiteRunner.java:384)
	at org.testng.SuiteRunner.runSequentially(SuiteRunner.java:378)
	at org.testng.SuiteRunner.privateRun(SuiteRunner.java:337)
	at org.testng.SuiteRunner.run(SuiteRunner.java:286)
	at org.testng.SuiteRunnerWorker.runSuite(SuiteRunnerWorker.java:53)
	at org.testng.SuiteRunnerWorker.run(SuiteRunnerWorker.java:96)
	at org.testng.TestNG.runSuitesSequentially(TestNG.java:1218)
	at org.testng.TestNG.runSuitesLocally(TestNG.java:1140)
	at org.testng.TestNG.runSuites(TestNG.java:1069)
	at org.testng.TestNG.run(TestNG.java:1037)
	at org.testng.remote.AbstractRemoteTestNG.run(AbstractRemoteTestNG.java:115)
	at org.testng.remote.RemoteTestNG.initAndRun(RemoteTestNG.java:251)
	at org.testng.remote.RemoteTestNG.main(RemoteTestNG.java:77)
</pre></div></td>
<td>0</td>
<td>com.testNG.practice.DependsOnAnnotation@704a52ec</td></tr>
</table><p>
<table width='100%' border='1' class='invocation-passed'>
<tr><td colspan='4' align='center'><b>PASSED TESTS</b></td></tr>
<tr><td><b>Test method</b></td>
<td width="30%"><b>Exception</b></td>
<td width="10%"><b>Time (seconds)</b></td>
<td><b>Instance</b></td>
</tr>
<tr>
<td title='com.testNG.practice.GroupsAnnotation.appleTest()'><b>appleTest</b><br>Test class: com.testNG.practice.GroupsAnnotation</td>
<td></td>
<td>0</td>
<td>com.testNG.practice.GroupsAnnotation@76f2b07d</td></tr>
<tr>
<td title='com.testNG.practice.PriorityAnnotation.appleTest()'><b>appleTest</b><br>Test class: com.testNG.practice.PriorityAnnotation</td>
<td></td>
<td>0</td>
<td>com.testNG.practice.PriorityAnnotation@57e1b0c</td></tr>
<tr>
<td title='com.testNG.practice.GoogleHomePageTest.avoidThisTest()'><b>avoidThisTest</b><br>Test class: com.testNG.practice.GoogleHomePageTest</td>
<td></td>
<td>0</td>
<td>com.testNG.practice.GoogleHomePageTest@4232c52b</td></tr>
<tr>
<td title='com.testNG.practice.GroupsAnnotation.catTest()'><b>catTest</b><br>Test class: com.testNG.practice.GroupsAnnotation</td>
<td></td>
<td>0</td>
<td>com.testNG.practice.GroupsAnnotation@76f2b07d</td></tr>
<tr>
<td title='com.testNG.practice.PriorityAnnotation.catTest()'><b>catTest</b><br>Test class: com.testNG.practice.PriorityAnnotation</td>
<td></td>
<td>0</td>
<td>com.testNG.practice.PriorityAnnotation@57e1b0c</td></tr>
<tr>
<td title='com.testNG.practice.TestNGBasic.clickLogIn()'><b>clickLogIn</b><br>Test class: com.testNG.practice.TestNGBasic</td>
<td></td>
<td>0</td>
<td>com.testNG.practice.TestNGBasic@1f57539</td></tr>
<tr>
<td title='com.testNG.practice.ExpectedExceptionAnnotation.exceptionTestTwo()'><b>exceptionTestTwo</b><br>Test class: com.testNG.practice.ExpectedExceptionAnnotation</td>
<td><div><pre>java.lang.NumberFormatException: For input string: &quot;Hello100&quot;
	at java.lang.NumberFormatException.forInputString(NumberFormatException.java:65)
	at java.lang.Integer.parseInt(Integer.java:580)
	at java.lang.Integer.parseInt(Integer.java:615)
	at com.testNG.practice.ExpectedExceptionAnnotation.exceptionTestTwo(ExpectedExceptionAnnotation.java:17)
	at java.util.ArrayList.forEach(ArrayList.java:1257)
... Removed 27 stack frames</pre></div><a href='#' onClick='toggleBox("stack-trace252615006", this, "Click to show all stack frames", "Click to hide stack frames")'>Click to show all stack frames</a>
<div class='stack-trace' id='stack-trace252615006'><pre>java.lang.NumberFormatException: For input string: &quot;Hello100&quot;
	at java.lang.NumberFormatException.forInputString(NumberFormatException.java:65)
	at java.lang.Integer.parseInt(Integer.java:580)
	at java.lang.Integer.parseInt(Integer.java:615)
	at com.testNG.practice.ExpectedExceptionAnnotation.exceptionTestTwo(ExpectedExceptionAnnotation.java:17)
	at sun.reflect.NativeMethodAccessorImpl.invoke0(Native Method)
	at sun.reflect.NativeMethodAccessorImpl.invoke(NativeMethodAccessorImpl.java:62)
	at sun.reflect.DelegatingMethodAccessorImpl.invoke(DelegatingMethodAccessorImpl.java:43)
	at java.lang.reflect.Method.invoke(Method.java:498)
	at org.testng.internal.MethodInvocationHelper.invokeMethod(MethodInvocationHelper.java:132)
	at org.testng.internal.TestInvoker.invokeMethod(TestInvoker.java:599)
	at org.testng.internal.TestInvoker.invokeTestMethod(TestInvoker.java:174)
	at org.testng.internal.MethodRunner.runInSequence(MethodRunner.java:46)
	at org.testng.internal.TestInvoker$MethodInvocationAgent.invoke(TestInvoker.java:822)
	at org.testng.internal.TestInvoker.invokeTestMethods(TestInvoker.java:147)
	at org.testng.internal.TestMethodWorker.invokeTestMethods(TestMethodWorker.java:146)
	at org.testng.internal.TestMethodWorker.run(TestMethodWorker.java:128)
	at java.util.ArrayList.forEach(ArrayList.java:1257)
	at org.testng.TestRunner.privateRun(TestRunner.java:764)
	at org.testng.TestRunner.run(TestRunner.java:585)
	at org.testng.SuiteRunner.runTest(SuiteRunner.java:384)
	at org.testng.SuiteRunner.runSequentially(SuiteRunner.java:378)
	at org.testng.SuiteRunner.privateRun(SuiteRunner.java:337)
	at org.testng.SuiteRunner.run(SuiteRunner.java:286)
	at org.testng.SuiteRunnerWorker.runSuite(SuiteRunnerWorker.java:53)
	at org.testng.SuiteRunnerWorker.run(SuiteRunnerWorker.java:96)
	at org.testng.TestNG.runSuitesSequentially(TestNG.java:1218)
	at org.testng.TestNG.runSuitesLocally(TestNG.java:1140)
	at org.testng.TestNG.runSuites(TestNG.java:1069)
	at org.testng.TestNG.run(TestNG.java:1037)
	at org.testng.remote.AbstractRemoteTestNG.run(AbstractRemoteTestNG.java:115)
	at org.testng.remote.RemoteTestNG.initAndRun(RemoteTestNG.java:251)
	at org.testng.remote.RemoteTestNG.main(RemoteTestNG.java:77)
</pre></div></td>
<td>0</td>
<td>com.testNG.practice.ExpectedExceptionAnnotation@4493d195</td></tr>
<tr>
<td title='com.testNG.practice.GroupsAnnotation.firstTest()'><b>firstTest</b><br>Test class: com.testNG.practice.GroupsAnnotation</td>
<td></td>
<td>0</td>
<td>com.testNG.practice.GroupsAnnotation@76f2b07d</td></tr>
<tr>
<td title='com.testNG.practice.PriorityAnnotation.firstTest()'><b>firstTest</b><br>Test class: com.testNG.practice.PriorityAnnotation</td>
<td></td>
<td>0</td>
<td>com.testNG.practice.PriorityAnnotation@57e1b0c</td></tr>
<tr>
<td title='com.testNG.practice.GoogleHomePageTest.firstTest()'><b>firstTest</b><br>Test class: com.testNG.practice.GoogleHomePageTest</td>
<td></td>
<td>0</td>
<td>com.testNG.practice.GoogleHomePageTest@4232c52b</td></tr>
<tr>
<td title='com.testNG.practice.GoogleHomePageTest.fourthTest()'><b>fourthTest</b><br>Test class: com.testNG.practice.GoogleHomePageTest</td>
<td></td>
<td>0</td>
<td>com.testNG.practice.GoogleHomePageTest@4232c52b</td></tr>
<tr>
<td title='com.testNG.practice.TestNGBasic.getTitle()'><b>getTitle</b><br>Test class: com.testNG.practice.TestNGBasic</td>
<td></td>
<td>0</td>
<td>com.testNG.practice.TestNGBasic@1f57539</td></tr>
<tr>
<td title='com.testNG.practice.GoogleTitleTest.googleTitleTest()'><b>googleTitleTest</b><br>Test class: com.testNG.practice.GoogleTitleTest</td>
<td></td>
<td>0</td>
<td>com.testNG.practice.GoogleTitleTest@6ee52dcd</td></tr>
<tr>
<td title='com.testNG.practice.GoogleHomePageTest.googleTitleTest()'><b>googleTitleTest</b><br>Test class: com.testNG.practice.GoogleHomePageTest</td>
<td></td>
<td>0</td>
<td>com.testNG.practice.GoogleHomePageTest@4232c52b</td></tr>
<tr>
<td title='com.testNG.practice.TestNGBasic.googleTitleTest()'><b>googleTitleTest</b><br>Test class: com.testNG.practice.TestNGBasic</td>
<td></td>
<td>0</td>
<td>com.testNG.practice.TestNGBasic@1f57539</td></tr>
<tr>
<td title='com.testNG.practice.InvocationCount.homePageTest()'><b>homePageTest</b><br>Test class: com.testNG.practice.InvocationCount</td>
<td></td>
<td>0</td>
<td>com.testNG.practice.InvocationCount@2781e022</td></tr>
<tr>
<td title='com.testNG.practice.InvocationCount.homePageTest()'><b>homePageTest</b><br>Test class: com.testNG.practice.InvocationCount</td>
<td></td>
<td>0</td>
<td>com.testNG.practice.InvocationCount@2781e022</td></tr>
<tr>
<td title='com.testNG.practice.InvocationCount.homePageTest()'><b>homePageTest</b><br>Test class: com.testNG.practice.InvocationCount</td>
<td></td>
<td>0</td>
<td>com.testNG.practice.InvocationCount@2781e022</td></tr>
<tr>
<td title='com.testNG.practice.InvocationCount.homePageTest()'><b>homePageTest</b><br>Test class: com.testNG.practice.InvocationCount</td>
<td></td>
<td>0</td>
<td>com.testNG.practice.InvocationCount@2781e022</td></tr>
<tr>
<td title='com.testNG.practice.InvocationCount.homePageTest()'><b>homePageTest</b><br>Test class: com.testNG.practice.InvocationCount</td>
<td></td>
<td>0</td>
<td>com.testNG.practice.InvocationCount@2781e022</td></tr>
<tr>
<td title='com.testNG.practice.GroupsAnnotation.lastTest()'><b>lastTest</b><br>Test class: com.testNG.practice.GroupsAnnotation</td>
<td></td>
<td>0</td>
<td>com.testNG.practice.GroupsAnnotation@76f2b07d</td></tr>
<tr>
<td title='com.testNG.practice.PriorityAnnotation.lastTest()'><b>lastTest</b><br>Test class: com.testNG.practice.PriorityAnnotation</td>
<td></td>
<td>0</td>
<td>com.testNG.practice.PriorityAnnotation@57e1b0c</td></tr>
<tr>
<td title='com.testNG.practice.DependsOnAnnotation.logIn()'><b>logIn</b><br>Test class: com.testNG.practice.DependsOnAnnotation</td>
<td></td>
<td>0</td>
<td>com.testNG.practice.DependsOnAnnotation@704a52ec</td></tr>
<tr>
<td title='com.testNG.practice.InvocationCount.logIn()'><b>logIn</b><br>Test class: com.testNG.practice.InvocationCount</td>
<td></td>
<td>0</td>
<td>com.testNG.practice.InvocationCount@2781e022</td></tr>
<tr>
<td title='com.testNG.practice.InvocationCount.logOut()'><b>logOut</b><br>Test class: com.testNG.practice.InvocationCount</td>
<td></td>
<td>0</td>
<td>com.testNG.practice.InvocationCount@2781e022</td></tr>
<tr>
<td title='com.testNG.practice.TestNGBasic.logoTest()'><b>logoTest</b><br>Test class: com.testNG.practice.TestNGBasic</td>
<td></td>
<td>0</td>
<td>com.testNG.practice.TestNGBasic@1f57539</td></tr>
<tr>
<td title='com.testNG.practice.GoogleTitleTest.mailLinkTest()'><b>mailLinkTest</b><br>Test class: com.testNG.practice.GoogleTitleTest</td>
<td></td>
<td>0</td>
<td>com.testNG.practice.GoogleTitleTest@6ee52dcd</td></tr>
<tr>
<td title='com.testNG.practice.GoogleHomePageTest.mailLinkTest()'><b>mailLinkTest</b><br>Test class: com.testNG.practice.GoogleHomePageTest</td>
<td></td>
<td>0</td>
<td>com.testNG.practice.GoogleHomePageTest@4232c52b</td></tr>
<tr>
<td title='com.testNG.practice.GroupsAnnotation.newTestThree()'><b>newTestThree</b><br>Test class: com.testNG.practice.GroupsAnnotation</td>
<td></td>
<td>0</td>
<td>com.testNG.practice.GroupsAnnotation@76f2b07d</td></tr>
<tr>
<td title='com.testNG.practice.PriorityAnnotation.newTestThree()'><b>newTestThree</b><br>Test class: com.testNG.practice.PriorityAnnotation</td>
<td></td>
<td>0</td>
<td>com.testNG.practice.PriorityAnnotation@57e1b0c</td></tr>
<tr>
<td title='com.testNG.practice.GroupsAnnotation.newTestTwo()'><b>newTestTwo</b><br>Test class: com.testNG.practice.GroupsAnnotation</td>
<td></td>
<td>0</td>
<td>com.testNG.practice.GroupsAnnotation@76f2b07d</td></tr>
<tr>
<td title='com.testNG.practice.PriorityAnnotation.newTestTwo()'><b>newTestTwo</b><br>Test class: com.testNG.practice.PriorityAnnotation</td>
<td></td>
<td>0</td>
<td>com.testNG.practice.PriorityAnnotation@57e1b0c</td></tr>
<tr>
<td title='com.testNG.practice.GroupsAnnotation.newTestone()'><b>newTestone</b><br>Test class: com.testNG.practice.GroupsAnnotation</td>
<td></td>
<td>0</td>
<td>com.testNG.practice.GroupsAnnotation@76f2b07d</td></tr>
<tr>
<td title='com.testNG.practice.PriorityAnnotation.newTestone()'><b>newTestone</b><br>Test class: com.testNG.practice.PriorityAnnotation</td>
<td></td>
<td>0</td>
<td>com.testNG.practice.PriorityAnnotation@57e1b0c</td></tr>
<tr>
<td title='com.testNG.practice.GroupsAnnotation.playGroundTest()'><b>playGroundTest</b><br>Test class: com.testNG.practice.GroupsAnnotation</td>
<td></td>
<td>0</td>
<td>com.testNG.practice.GroupsAnnotation@76f2b07d</td></tr>
<tr>
<td title='com.testNG.practice.PriorityAnnotation.playGroundTest()'><b>playGroundTest</b><br>Test class: com.testNG.practice.PriorityAnnotation</td>
<td></td>
<td>0</td>
<td>com.testNG.practice.PriorityAnnotation@57e1b0c</td></tr>
<tr>
<td title='com.testNG.practice.GoogleHomePageTest.secondTest()'><b>secondTest</b><br>Test class: com.testNG.practice.GoogleHomePageTest</td>
<td></td>
<td>0</td>
<td>com.testNG.practice.GoogleHomePageTest@4232c52b</td></tr>
<tr>
<td title='com.testNG.practice.GoogleHomePageTest.thirdTest()'><b>thirdTest</b><br>Test class: com.testNG.practice.GoogleHomePageTest</td>
<td></td>
<td>0</td>
<td>com.testNG.practice.GoogleHomePageTest@4232c52b</td></tr>
</table><p>
<table width='100%' border='1' class='invocation-skipped'>
<tr><td colspan='4' align='center'><b>SKIPPED TESTS</b></td></tr>
<tr><td><b>Test method</b></td>
<td width="30%"><b>Exception</b></td>
<td width="10%"><b>Time (seconds)</b></td>
<td><b>Instance</b></td>
</tr>
<tr>
<td title='com.testNG.practice.DependsOnAnnotation.cartPageTest()'><b>cartPageTest</b><br>Test class: com.testNG.practice.DependsOnAnnotation</td>
<td><div><pre>java.lang.Throwable: Method DependsOnAnnotation.cartPageTest()[pri:0, instance:com.testNG.practice.DependsOnAnnotation@704a52ec] depends on not successfully finished methods
	at java.util.ArrayList.forEach(ArrayList.java:1257)
... Removed 18 stack frames</pre></div><a href='#' onClick='toggleBox("stack-trace322836221", this, "Click to show all stack frames", "Click to hide stack frames")'>Click to show all stack frames</a>
<div class='stack-trace' id='stack-trace322836221'><pre>java.lang.Throwable: Method DependsOnAnnotation.cartPageTest()[pri:0, instance:com.testNG.practice.DependsOnAnnotation@704a52ec] depends on not successfully finished methods
	at org.testng.internal.TestInvoker.invokeTestMethods(TestInvoker.java:102)
	at org.testng.internal.TestMethodWorker.invokeTestMethods(TestMethodWorker.java:146)
	at org.testng.internal.TestMethodWorker.run(TestMethodWorker.java:128)
	at java.util.ArrayList.forEach(ArrayList.java:1257)
	at org.testng.TestRunner.privateRun(TestRunner.java:764)
	at org.testng.TestRunner.run(TestRunner.java:585)
	at org.testng.SuiteRunner.runTest(SuiteRunner.java:384)
	at org.testng.SuiteRunner.runSequentially(SuiteRunner.java:378)
	at org.testng.SuiteRunner.privateRun(SuiteRunner.java:337)
	at org.testng.SuiteRunner.run(SuiteRunner.java:286)
	at org.testng.SuiteRunnerWorker.runSuite(SuiteRunnerWorker.java:53)
	at org.testng.SuiteRunnerWorker.run(SuiteRunnerWorker.java:96)
	at org.testng.TestNG.runSuitesSequentially(TestNG.java:1218)
	at org.testng.TestNG.runSuitesLocally(TestNG.java:1140)
	at org.testng.TestNG.runSuites(TestNG.java:1069)
	at org.testng.TestNG.run(TestNG.java:1037)
	at org.testng.remote.AbstractRemoteTestNG.run(AbstractRemoteTestNG.java:115)
	at org.testng.remote.RemoteTestNG.initAndRun(RemoteTestNG.java:251)
	at org.testng.remote.RemoteTestNG.main(RemoteTestNG.java:77)
</pre></div></td>
<td>0</td>
<td>com.testNG.practice.DependsOnAnnotation@704a52ec</td></tr>
<tr>
<td title='com.testNG.practice.DependsOnAnnotation.logOut()'><b>logOut</b><br>Test class: com.testNG.practice.DependsOnAnnotation</td>
<td><div><pre>java.lang.Throwable: Method DependsOnAnnotation.logOut()[pri:0, instance:com.testNG.practice.DependsOnAnnotation@704a52ec] depends on not successfully finished methods
	at java.util.ArrayList.forEach(ArrayList.java:1257)
... Removed 18 stack frames</pre></div><a href='#' onClick='toggleBox("stack-trace450003680", this, "Click to show all stack frames", "Click to hide stack frames")'>Click to show all stack frames</a>
<div class='stack-trace' id='stack-trace450003680'><pre>java.lang.Throwable: Method DependsOnAnnotation.logOut()[pri:0, instance:com.testNG.practice.DependsOnAnnotation@704a52ec] depends on not successfully finished methods
	at org.testng.internal.TestInvoker.invokeTestMethods(TestInvoker.java:102)
	at org.testng.internal.TestMethodWorker.invokeTestMethods(TestMethodWorker.java:146)
	at org.testng.internal.TestMethodWorker.run(TestMethodWorker.java:128)
	at java.util.ArrayList.forEach(ArrayList.java:1257)
	at org.testng.TestRunner.privateRun(TestRunner.java:764)
	at org.testng.TestRunner.run(TestRunner.java:585)
	at org.testng.SuiteRunner.runTest(SuiteRunner.java:384)
	at org.testng.SuiteRunner.runSequentially(SuiteRunner.java:378)
	at org.testng.SuiteRunner.privateRun(SuiteRunner.java:337)
	at org.testng.SuiteRunner.run(SuiteRunner.java:286)
	at org.testng.SuiteRunnerWorker.runSuite(SuiteRunnerWorker.java:53)
	at org.testng.SuiteRunnerWorker.run(SuiteRunnerWorker.java:96)
	at org.testng.TestNG.runSuitesSequentially(TestNG.java:1218)
	at org.testng.TestNG.runSuitesLocally(TestNG.java:1140)
	at org.testng.TestNG.runSuites(TestNG.java:1069)
	at org.testng.TestNG.run(TestNG.java:1037)
	at org.testng.remote.AbstractRemoteTestNG.run(AbstractRemoteTestNG.java:115)
	at org.testng.remote.RemoteTestNG.initAndRun(RemoteTestNG.java:251)
	at org.testng.remote.RemoteTestNG.main(RemoteTestNG.java:77)
</pre></div></td>
<td>0</td>
<td>com.testNG.practice.DependsOnAnnotation@704a52ec</td></tr>
</table><p>
</body>
</html>