<?xml version="1.0" encoding="UTF-8"?>
<!-- Generated by org.testng.reporters.JUnitXMLReporter -->
<testsuite hostname="Mohammeds-MBP-2.home" ignored="0" name="testNG Test" tests="44" failures="4" timestamp="2021-02-12T22:13:51 EST" time="38.784" errors="0">
  <testcase name="playGroundTest" time="0.005" classname="com.testNG.practice.GroupsAnnotation"/>
  <testcase name="newTestThree" time="0.001" classname="com.testNG.practice.GroupsAnnotation"/>
  <testcase name="newTestone" time="0.001" classname="com.testNG.practice.GroupsAnnotation"/>
  <testcase name="newTestTwo" time="0.0" classname="com.testNG.practice.GroupsAnnotation"/>
  <testcase name="lastTest" time="0.001" classname="com.testNG.practice.GroupsAnnotation"/>
  <testcase name="firstTest" time="0.001" classname="com.testNG.practice.GroupsAnnotation"/>
  <testcase name="catTest" time="0.001" classname="com.testNG.practice.GroupsAnnotation"/>
  <testcase name="appleTest" time="0.0" classname="com.testNG.practice.GroupsAnnotation"/>
  <testcase name="logIn" time="0.001" classname="com.testNG.practice.DependsOnAnnotation"/>
  <testcase name="homePage" time="0.0" classname="com.testNG.practice.DependsOnAnnotation">
    <failure type="java.lang.ArithmeticException" message="/ by zero">
      <![CDATA[java.lang.ArithmeticException: / by zero
at com.testNG.practice.DependsOnAnnotation.homePage(DependsOnAnnotation.java:20)
at java.util.ArrayList.forEach(ArrayList.java:1257)
... Removed 27 stack frames]]>
    </failure>
  </testcase> <!-- homePage -->
  <testcase name="cartPageTest" time="0.0" classname="com.testNG.practice.DependsOnAnnotation">
    <skipped/>
  </testcase> <!-- cartPageTest -->
  <testcase name="logOut" time="0.0" classname="com.testNG.practice.DependsOnAnnotation">
    <skipped/>
  </testcase> <!-- logOut -->
  <testcase name="googlePageTitleTest" time="0.008" classname="com.testNG.practice.GoogleTitleTest">
    <failure type="java.lang.AssertionError" message="Page title is not match expected [Google#] but found [Google]">
      <![CDATA[java.lang.AssertionError: Page title is not match expected [Google#] but found [Google]
at com.testNG.practice.GoogleTitleTest.googlePageTitleTest(GoogleTitleTest.java:44)
at java.util.ArrayList.forEach(ArrayList.java:1257)
... Removed 32 stack frames]]>
    </failure>
  </testcase> <!-- googlePageTitleTest -->
  <testcase name="googleTitleTest" time="0.007" classname="com.testNG.practice.GoogleTitleTest"/>
  <testcase name="mailLinkTest" time="0.05" classname="com.testNG.practice.GoogleTitleTest"/>
  <testcase name="exceptionTestOne" time="0.002" classname="com.testNG.practice.ExpectedExceptionAnnotation">
    <failure type="java.lang.NumberFormatException" message="For input string: &amp;quot;Hello100&amp;quot;">
      <![CDATA[java.lang.NumberFormatException: For input string: "Hello100"
at java.lang.NumberFormatException.forInputString(NumberFormatException.java:65)
at java.lang.Integer.parseInt(Integer.java:580)
at java.lang.Integer.parseInt(Integer.java:615)
at com.testNG.practice.ExpectedExceptionAnnotation.exceptionTestOne(ExpectedExceptionAnnotation.java:10)
at java.util.ArrayList.forEach(ArrayList.java:1257)
... Removed 27 stack frames]]>
    </failure>
  </testcase> <!-- exceptionTestOne -->
  <testcase name="exceptionTestTwo" time="0.0" classname="com.testNG.practice.ExpectedExceptionAnnotation"/>
  <testcase name="logIn" time="0.0" classname="com.testNG.practice.InvocationCount"/>
  <testcase name="homePageTest" time="0.001" classname="com.testNG.practice.InvocationCount"/>
  <testcase name="homePageTest" time="0.0" classname="com.testNG.practice.InvocationCount"/>
  <testcase name="homePageTest" time="0.0" classname="com.testNG.practice.InvocationCount"/>
  <testcase name="homePageTest" time="0.0" classname="com.testNG.practice.InvocationCount"/>
  <testcase name="homePageTest" time="0.001" classname="com.testNG.practice.InvocationCount"/>
  <testcase name="logOut" time="0.001" classname="com.testNG.practice.InvocationCount"/>
  <testcase name="playGroundTest" time="0.0" classname="com.testNG.practice.PriorityAnnotation"/>
  <testcase name="newTestThree" time="0.001" classname="com.testNG.practice.PriorityAnnotation"/>
  <testcase name="newTestone" time="0.0" classname="com.testNG.practice.PriorityAnnotation"/>
  <testcase name="newTestTwo" time="0.0" classname="com.testNG.practice.PriorityAnnotation"/>
  <testcase name="lastTest" time="0.0" classname="com.testNG.practice.PriorityAnnotation"/>
  <testcase name="firstTest" time="0.001" classname="com.testNG.practice.PriorityAnnotation"/>
  <testcase name="catTest" time="0.001" classname="com.testNG.practice.PriorityAnnotation"/>
  <testcase name="appleTest" time="0.001" classname="com.testNG.practice.PriorityAnnotation"/>
  <testcase name="GoogleLogoTest" time="10.062" classname="com.testNG.practice.GoogleHomePageTest">
    <failure type="org.openqa.selenium.NoSuchElementException" message="no such element: Unable to locate element: {&amp;quot;method&amp;quot;:&amp;quot;css selector&amp;quot;,&amp;quot;selector&amp;quot;:&amp;quot;#logo&amp;quot;}
  (Session info: chrome=88.0.4324.150)
For documentation on this error, please visit: https://www.seleniumhq.org/exceptions/no_such_element.html
Build info: version: &amp;apos;3.141.59&amp;apos;, revision: &amp;apos;e82be7d358&amp;apos;, time: &amp;apos;2018-11-14T08:17:03&amp;apos;
System info: host: &amp;apos;Mohammeds-MBP-2.home&amp;apos;, ip: &amp;apos;fd4b:8d38:69ba:1:311f:8248:6ea3:91e9%en0&amp;apos;, os.name: &amp;apos;Mac OS X&amp;apos;, os.arch: &amp;apos;x86_64&amp;apos;, os.version: &amp;apos;10.14.5&amp;apos;, java.version: &amp;apos;1.8.0_231&amp;apos;
Driver info: org.openqa.selenium.chrome.ChromeDriver
Capabilities {acceptInsecureCerts: false, browserName: chrome, browserVersion: 88.0.4324.150, chrome: {chromedriverVersion: 88.0.4324.96 (68dba2d8a0b14..., userDataDir: /var/folders/hv/3z35ns6n2p7...}, goog:chromeOptions: {debuggerAddress: localhost:63125}, javascriptEnabled: true, networkConnectionEnabled: false, pageLoadStrategy: normal, platform: MAC, platformName: MAC, proxy: Proxy(), setWindowRect: true, strictFileInteractability: false, timeouts: {implicit: 0, pageLoad: 300000, script: 30000}, unhandledPromptBehavior: dismiss and notify, webauthn:extension:largeBlob: true, webauthn:virtualAuthenticators: true}
Session ID: 402f04786c1eee348090ebd75819fc87
*** Element info: {Using=id, value=logo}">
      <![CDATA[org.openqa.selenium.NoSuchElementException: no such element: Unable to locate element: {"method":"css selector","selector":"#logo"}
  (Session info: chrome=88.0.4324.150)
For documentation on this error, please visit: https://www.seleniumhq.org/exceptions/no_such_element.html
Build info: version: '3.141.59', revision: 'e82be7d358', time: '2018-11-14T08:17:03'
System info: host: 'Mohammeds-MBP-2.home', ip: 'fd4b:8d38:69ba:1:311f:8248:6ea3:91e9%en0', os.name: 'Mac OS X', os.arch: 'x86_64', os.version: '10.14.5', java.version: '1.8.0_231'
Driver info: org.openqa.selenium.chrome.ChromeDriver
Capabilities {acceptInsecureCerts: false, browserName: chrome, browserVersion: 88.0.4324.150, chrome: {chromedriverVersion: 88.0.4324.96 (68dba2d8a0b14..., userDataDir: /var/folders/hv/3z35ns6n2p7...}, goog:chromeOptions: {debuggerAddress: localhost:63125}, javascriptEnabled: true, networkConnectionEnabled: false, pageLoadStrategy: normal, platform: MAC, platformName: MAC, proxy: Proxy(), setWindowRect: true, strictFileInteractability: false, timeouts: {implicit: 0, pageLoad: 300000, script: 30000}, unhandledPromptBehavior: dismiss and notify, webauthn:extension:largeBlob: true, webauthn:virtualAuthenticators: true}
Session ID: 402f04786c1eee348090ebd75819fc87
*** Element info: {Using=id, value=logo}
at org.openqa.selenium.remote.http.W3CHttpResponseCodec.createException(W3CHttpResponseCodec.java:187)
at org.openqa.selenium.remote.http.W3CHttpResponseCodec.decode(W3CHttpResponseCodec.java:122)
at org.openqa.selenium.remote.http.W3CHttpResponseCodec.decode(W3CHttpResponseCodec.java:49)
at org.openqa.selenium.remote.HttpCommandExecutor.execute(HttpCommandExecutor.java:158)
at org.openqa.selenium.remote.service.DriverCommandExecutor.execute(DriverCommandExecutor.java:83)
at org.openqa.selenium.remote.RemoteWebDriver.execute(RemoteWebDriver.java:552)
at org.openqa.selenium.remote.RemoteWebDriver.findElement(RemoteWebDriver.java:323)
at org.openqa.selenium.remote.RemoteWebDriver.findElementById(RemoteWebDriver.java:372)
at org.openqa.selenium.By$ById.findElement(By.java:188)
at org.openqa.selenium.remote.RemoteWebDriver.findElement(RemoteWebDriver.java:315)
at com.testNG.practice.GoogleHomePageTest.GoogleLogoTest(GoogleHomePageTest.java:37)
at java.util.ArrayList.forEach(ArrayList.java:1257)
... Removed 31 stack frames]]>
    </failure>
  </testcase> <!-- GoogleLogoTest -->
  <testcase name="avoidThisTest" time="0.001" classname="com.testNG.practice.GoogleHomePageTest"/>
  <testcase name="firstTest" time="0.001" classname="com.testNG.practice.GoogleHomePageTest"/>
  <testcase name="fourthTest" time="0.001" classname="com.testNG.practice.GoogleHomePageTest"/>
  <testcase name="googleTitleTest" time="0.005" classname="com.testNG.practice.GoogleHomePageTest"/>
  <testcase name="mailLinkTest" time="0.034" classname="com.testNG.practice.GoogleHomePageTest"/>
  <testcase name="secondTest" time="0.001" classname="com.testNG.practice.GoogleHomePageTest"/>
  <testcase name="thirdTest" time="0.0" classname="com.testNG.practice.GoogleHomePageTest"/>
  <testcase name="clickLogIn" time="0.0" classname="com.testNG.practice.TestNGBasic"/>
  <testcase name="getTitle" time="0.001" classname="com.testNG.practice.TestNGBasic"/>
  <testcase name="googleTitleTest" time="0.0" classname="com.testNG.practice.TestNGBasic"/>
  <testcase name="logoTest" time="0.001" classname="com.testNG.practice.TestNGBasic"/>
</testsuite> <!-- testNG Test -->
